<?xml version="1.0" encoding="utf-8"?>
<!DOCTYPE coverage SYSTEM "http://cobertura.sourceforge.net/xml/coverage-04.dtd">
<coverage line-rate="0.8251554941257775" branch-rate="0.6493506493506493" lines-covered="1194" lines-valid="1447" branches-covered="200" branches-valid="308" complexity="400" version="0" timestamp="1787762501">
  <sources>
    <source></source>
  </sources>
  <packages>
    <package name="UsluzionicaServer" line-rate="0.8251554941257775" branch-rate="0.6493506493506493" complexity="400">
      <classes>
        <class name="UsluzionicaServer.Controllers.AdminController" filename="https://raw.githubusercontent.com/djuk1ca/UsluzionicaServer/e1c24aaa47c8f4178cb3e3b36a126aaaa6af7722/Controllers/AdminController.cs" line-rate="0" branch-rate="1" complexity="1">
          <methods>
            <method name=".ctor" signature="(UsluzionicaServer.Services.AdminService)" line-rate="0" branch-rate="1" complexity="1">
              <lines>
                <line number="11" hits="0" branch="false" />
              </lines>
            </method>
          </methods>
          <lines>
            <line number="11" hits="0" branch="false" />
          </lines>
        </class>
        <class name="UsluzionicaServer.Controllers.AuthController" filename="https://raw.githubusercontent.com/djuk1ca/UsluzionicaServer/e1c24aaa47c8f4178cb3e3b36a126aaaa6af7722/Controllers/AuthController.cs" line-rate="1" branch-rate="0.5" complexity="5">
          <methods>
            <method name="HtmlPage" signature="(System.Boolean,System.String,System.String)" line-rate="1" branch-rate="0.5" complexity="4">
              <lines>
                <line number="206" hits="1" branch="true" condition-coverage="50% (1/2)" />
                <line number="207" hits="1" branch="true" condition-coverage="50% (1/2)" />
                <line number="209" hits="1" branch="false" />
                <line number="210" hits="1" branch="false" />
                <line number="211" hits="1" branch="false" />
                <line number="212" hits="1" branch="false" />
                <line number="213" hits="1" branch="false" />
                <line number="214" hits="1" branch="false" />
                <line number="215" hits="1" branch="false" />
                <line number="216" hits="1" branch="false" />
                <line number="217" hits="1" branch="false" />
                <line number="218" hits="1" branch="false" />
                <line number="219" hits="1" branch="false" />
                <line number="220" hits="1" branch="false" />
                <line number="221" hits="1" branch="false" />
                <line number="222" hits="1" branch="false" />
                <line number="223" hits="1" branch="false" />
                <line number="224" hits="1" branch="false" />
                <line number="225" hits="1" branch="false" />
                <line number="226" hits="1" branch="false" />
                <line number="227" hits="1" branch="false" />
                <line number="228" hits="1" branch="false" />
                <line number="229" hits="1" branch="false" />
                <line number="230" hits="1" branch="false" />
                <line number="231" hits="1" branch="false" />
                <line number="232" hits="1" branch="false" />
                <line number="233" hits="1" branch="false" />
                <line number="234" hits="1" branch="false" />
                <line number="235" hits="1" branch="false" />
                <line number="236" hits="1" branch="false" />
                <line number="237" hits="1" branch="false" />
                <line number="238" hits="1" branch="false" />
                <line number="239" hits="1" branch="false" />
                <line number="240" hits="1" branch="false" />
                <line number="241" hits="1" branch="false" />
                <line number="242" hits="1" branch="false" />
                <line number="243" hits="1" branch="false" />
                <line number="244" hits="1" branch="false" />
                <line number="245" hits="1" branch="false" />
                <line number="246" hits="1" branch="false" />
                <line number="247" hits="1" branch="false" />
                <line number="248" hits="1" branch="false" />
                <line number="249" hits="1" branch="false" />
                <line number="250" hits="1" branch="false" />
                <line number="251" hits="1" branch="false" />
                <line number="252" hits="1" branch="false" />
                <line number="253" hits="1" branch="false" />
                <line number="254" hits="1" branch="false" />
                <line number="255" hits="1" branch="false" />
                <line number="256" hits="1" branch="false" />
                <line number="257" hits="1" branch="false" />
                <line number="258" hits="1" branch="false" />
                <line number="259" hits="1" branch="false" />
                <line number="260" hits="1" branch="false" />
                <line number="261" hits="1" branch="false" />
                <line number="262" hits="1" branch="false" />
                <line number="264" hits="1" branch="false" />
                <line number="265" hits="1" branch="false" />
                <line number="266" hits="1" branch="false" />
                <line number="267" hits="1" branch="false" />
                <line number="268" hits="1" branch="false" />
                <line number="269" hits="1" branch="false" />
              </lines>
            </method>
            <method name=".ctor" signature="(UsluzionicaServer.Services.AuthService,UsluzionicaServer.Services.ReferralService,Microsoft.AspNetCore.Identity.UserManager`1&lt;UsluzionicaServer.Domain.Entities.ApplicationUser&gt;)" line-rate="1" branch-rate="1" complexity="1">
              <lines>
                <line number="12" hits="7" branch="false" />
                <line number="13" hits="7" branch="false" />
                <line number="14" hits="7" branch="false" />
                <line number="15" hits="7" branch="false" />
              </lines>
            </method>
          </methods>
          <lines>
            <line number="12" hits="7" branch="false" />
            <line number="13" hits="7" branch="false" />
            <line number="14" hits="7" branch="false" />
            <line number="15" hits="7" branch="false" />
            <line number="206" hits="1" branch="true" condition-coverage="50% (1/2)" />
            <line number="207" hits="1" branch="true" condition-coverage="50% (1/2)" />
            <line number="209" hits="1" branch="false" />
            <line number="210" hits="1" branch="false" />
            <line number="211" hits="1" branch="false" />
            <line number="212" hits="1" branch="false" />
            <line number="213" hits="1" branch="false" />
            <line number="214" hits="1" branch="false" />
            <line number="215" hits="1" branch="false" />
            <line number="216" hits="1" branch="false" />
            <line number="217" hits="1" branch="false" />
            <line number="218" hits="1" branch="false" />
            <line number="219" hits="1" branch="false" />
            <line number="220" hits="1" branch="false" />
            <line number="221" hits="1" branch="false" />
            <line number="222" hits="1" branch="false" />
            <line number="223" hits="1" branch="false" />
            <line number="224" hits="1" branch="false" />
            <line number="225" hits="1" branch="false" />
            <line number="226" hits="1" branch="false" />
            <line number="227" hits="1" branch="false" />
            <line number="228" hits="1" branch="false" />
            <line number="229" hits="1" branch="false" />
            <line number="230" hits="1" branch="false" />
            <line number="231" hits="1" branch="false" />
            <line number="232" hits="1" branch="false" />
            <line number="233" hits="1" branch="false" />
            <line number="234" hits="1" branch="false" />
            <line number="235" hits="1" branch="false" />
            <line number="236" hits="1" branch="false" />
            <line number="237" hits="1" branch="false" />
            <line number="238" hits="1" branch="false" />
            <line number="239" hits="1" branch="false" />
            <line number="240" hits="1" branch="false" />
            <line number="241" hits="1" branch="false" />
            <line number="242" hits="1" branch="false" />
            <line number="243" hits="1" branch="false" />
            <line number="244" hits="1" branch="false" />
            <line number="245" hits="1" branch="false" />
            <line number="246" hits="1" branch="false" />
            <line number="247" hits="1" branch="false" />
            <line number="248" hits="1" branch="false" />
            <line number="249" hits="1" branch="false" />
            <line number="250" hits="1" branch="false" />
            <line number="251" hits="1" branch="false" />
            <line number="252" hits="1" branch="false" />
            <line number="253" hits="1" branch="false" />
            <line number="254" hits="1" branch="false" />
            <line number="255" hits="1" branch="false" />
            <line number="256" hits="1" branch="false" />
            <line number="257" hits="1" branch="false" />
            <line number="258" hits="1" branch="false" />
            <line number="259" hits="1" branch="false" />
            <line number="260" hits="1" branch="false" />
            <line number="261" hits="1" branch="false" />
            <line number="262" hits="1" branch="false" />
            <line number="264" hits="1" branch="false" />
            <line number="265" hits="1" branch="false" />
            <line number="266" hits="1" branch="false" />
            <line number="267" hits="1" branch="false" />
            <line number="268" hits="1" branch="false" />
            <line number="269" hits="1" branch="false" />
          </lines>
        </class>
        <class name="UsluzionicaServer.Controllers.BookingsController" filename="https://raw.githubusercontent.com/djuk1ca/UsluzionicaServer/e1c24aaa47c8f4178cb3e3b36a126aaaa6af7722/Controllers/BookingsController.cs" line-rate="0" branch-rate="1" complexity="1">
          <methods>
            <method name=".ctor" signature="(UsluzionicaServer.Services.BookingService)" line-rate="0" branch-rate="1" complexity="1">
              <lines>
                <line number="12" hits="0" branch="false" />
              </lines>
            </method>
          </methods>
          <lines>
            <line number="12" hits="0" branch="false" />
          </lines>
        </class>
        <class name="UsluzionicaServer.Controllers.CategoriesController" filename="https://raw.githubusercontent.com/djuk1ca/UsluzionicaServer/e1c24aaa47c8f4178cb3e3b36a126aaaa6af7722/Controllers/CategoriesController.cs" line-rate="0" branch-rate="1" complexity="1">
          <methods>
            <method name=".ctor" signature="(UsluzionicaServer.Services.CategoryService)" line-rate="0" branch-rate="1" complexity="1">
              <lines>
                <line number="10" hits="0" branch="false" />
              </lines>
            </method>
          </methods>
          <lines>
            <line number="10" hits="0" branch="false" />
          </lines>
        </class>
        <class name="UsluzionicaServer.Controllers.ConversationsController" filename="https://raw.githubusercontent.com/djuk1ca/UsluzionicaServer/e1c24aaa47c8f4178cb3e3b36a126aaaa6af7722/Controllers/ConversationsController.cs" line-rate="0" branch-rate="1" complexity="1">
          <methods>
            <method name=".ctor" signature="(UsluzionicaServer.Services.ConversationService)" line-rate="0" branch-rate="1" complexity="1">
              <lines>
                <line number="12" hits="0" branch="false" />
              </lines>
            </method>
          </methods>
          <lines>
            <line number="12" hits="0" branch="false" />
          </lines>
        </class>
        <class name="UsluzionicaServer.Controllers.DiscountOffersController" filename="https://raw.githubusercontent.com/djuk1ca/UsluzionicaServer/e1c24aaa47c8f4178cb3e3b36a126aaaa6af7722/Controllers/DiscountOffersController.cs" line-rate="0" branch-rate="1" complexity="1">
          <methods>
            <method name=".ctor" signature="(UsluzionicaServer.Services.TokenWalletService)" line-rate="0" branch-rate="1" complexity="1">
              <lines>
                <line number="12" hits="0" branch="false" />
              </lines>
            </method>
          </methods>
          <lines>
            <line number="12" hits="0" branch="false" />
          </lines>
        </class>
        <class name="UsluzionicaServer.Controllers.FavoritesController" filename="https://raw.githubusercontent.com/djuk1ca/UsluzionicaServer/e1c24aaa47c8f4178cb3e3b36a126aaaa6af7722/Controllers/FavoritesController.cs" line-rate="0" branch-rate="1" complexity="1">
          <methods>
            <method name=".ctor" signature="(UsluzionicaServer.Services.FavoriteService)" line-rate="0" branch-rate="1" complexity="1">
              <lines>
                <line number="12" hits="0" branch="false" />
              </lines>
            </method>
          </methods>
          <lines>
            <line number="12" hits="0" branch="false" />
          </lines>
        </class>
        <class name="UsluzionicaServer.Controllers.ListingsController" filename="https://raw.githubusercontent.com/djuk1ca/UsluzionicaServer/e1c24aaa47c8f4178cb3e3b36a126aaaa6af7722/Controllers/ListingsController.cs" line-rate="0" branch-rate="1" complexity="1">
          <methods>
            <method name=".ctor" signature="(UsluzionicaServer.Services.ListingService,UsluzionicaServer.Services.BoostService)" line-rate="0" branch-rate="1" complexity="1">
              <lines>
                <line number="12" hits="0" branch="false" />
                <line number="13" hits="0" branch="false" />
                <line number="14" hits="0" branch="false" />
              </lines>
            </method>
          </methods>
          <lines>
            <line number="12" hits="0" branch="false" />
            <line number="13" hits="0" branch="false" />
            <line number="14" hits="0" branch="false" />
          </lines>
        </class>
        <class name="UsluzionicaServer.Controllers.LocationsController" filename="https://raw.githubusercontent.com/djuk1ca/UsluzionicaServer/e1c24aaa47c8f4178cb3e3b36a126aaaa6af7722/Controllers/LocationsController.cs" line-rate="0" branch-rate="0" complexity="3">
          <methods>
            <method name="GetCities" signature="(System.String)" line-rate="0" branch-rate="0" complexity="2">
              <lines>
                <line number="36" hits="0" branch="false" />
                <line number="38" hits="0" branch="true" condition-coverage="0% (0/2)" />
                <line number="40" hits="0" branch="false" />
                <line number="41" hits="0" branch="false" />
                <line number="46" hits="0" branch="false" />
                <line number="47" hits="0" branch="false" />
                <line number="48" hits="0" branch="false" />
                <line number="49" hits="0" branch="false" />
                <line number="50" hits="0" branch="false" />
                <line number="51" hits="0" branch="false" />
                <line number="53" hits="0" branch="false" />
              </lines>
            </method>
            <method name=".cctor" signature="()" line-rate="0" branch-rate="1" complexity="1">
              <lines>
                <line number="17" hits="0" branch="false" />
                <line number="18" hits="0" branch="false" />
                <line number="19" hits="0" branch="false" />
                <line number="20" hits="0" branch="false" />
              </lines>
            </method>
          </methods>
          <lines>
            <line number="17" hits="0" branch="false" />
            <line number="18" hits="0" branch="false" />
            <line number="19" hits="0" branch="false" />
            <line number="20" hits="0" branch="false" />
            <line number="36" hits="0" branch="false" />
            <line number="38" hits="0" branch="true" condition-coverage="0% (0/2)" />
            <line number="40" hits="0" branch="false" />
            <line number="41" hits="0" branch="false" />
            <line number="46" hits="0" branch="false" />
            <line number="47" hits="0" branch="false" />
            <line number="48" hits="0" branch="false" />
            <line number="49" hits="0" branch="false" />
            <line number="50" hits="0" branch="false" />
            <line number="51" hits="0" branch="false" />
            <line number="53" hits="0" branch="false" />
          </lines>
        </class>
        <class name="UsluzionicaServer.Controllers.NotificationsController" filename="https://raw.githubusercontent.com/djuk1ca/UsluzionicaServer/e1c24aaa47c8f4178cb3e3b36a126aaaa6af7722/Controllers/NotificationsController.cs" line-rate="0" branch-rate="1" complexity="1">
          <methods>
            <method name=".ctor" signature="(UsluzionicaServer.Services.NotificationService)" line-rate="0" branch-rate="1" complexity="1">
              <lines>
                <line number="12" hits="0" branch="false" />
              </lines>
            </method>
          </methods>
          <lines>
            <line number="12" hits="0" branch="false" />
          </lines>
        </class>
        <class name="UsluzionicaServer.Controllers.ProviderController" filename="https://raw.githubusercontent.com/djuk1ca/UsluzionicaServer/e1c24aaa47c8f4178cb3e3b36a126aaaa6af7722/Controllers/ProviderController.cs" line-rate="0" branch-rate="1" complexity="1">
          <methods>
            <method name=".ctor" signature="(UsluzionicaServer.Services.ProviderService)" line-rate="0" branch-rate="1" complexity="1">
              <lines>
                <line number="11" hits="0" branch="false" />
              </lines>
            </method>
          </methods>
          <lines>
            <line number="11" hits="0" branch="false" />
          </lines>
        </class>
        <class name="UsluzionicaServer.Controllers.ReferralsController" filename="https://raw.githubusercontent.com/djuk1ca/UsluzionicaServer/e1c24aaa47c8f4178cb3e3b36a126aaaa6af7722/Controllers/ReferralsController.cs" line-rate="0" branch-rate="1" complexity="1">
          <methods>
            <method name=".ctor" signature="(UsluzionicaServer.Services.TokenWalletService)" line-rate="0" branch-rate="1" complexity="1">
              <lines>
                <line number="11" hits="0" branch="false" />
              </lines>
            </method>
          </methods>
          <lines>
            <line number="11" hits="0" branch="false" />
          </lines>
        </class>
        <class name="UsluzionicaServer.Controllers.ReviewsController" filename="https://raw.githubusercontent.com/djuk1ca/UsluzionicaServer/e1c24aaa47c8f4178cb3e3b36a126aaaa6af7722/Controllers/ReviewsController.cs" line-rate="0" branch-rate="1" complexity="1">
          <methods>
            <method name=".ctor" signature="(UsluzionicaServer.Services.ReviewService)" line-rate="0" branch-rate="1" complexity="1">
              <lines>
                <line number="11" hits="0" branch="false" />
              </lines>
            </method>
          </methods>
          <lines>
            <line number="11" hits="0" branch="false" />
          </lines>
        </class>
        <class name="UsluzionicaServer.Controllers.TokensController" filename="https://raw.githubusercontent.com/djuk1ca/UsluzionicaServer/e1c24aaa47c8f4178cb3e3b36a126aaaa6af7722/Controllers/TokensController.cs" line-rate="0" branch-rate="1" complexity="1">
          <methods>
            <method name=".ctor" signature="(UsluzionicaServer.Services.TokenWalletService)" line-rate="0" branch-rate="1" complexity="1">
              <lines>
                <line number="11" hits="0" branch="false" />
              </lines>
            </method>
          </methods>
          <lines>
            <line number="11" hits="0" branch="false" />
          </lines>
        </class>
        <class name="UsluzionicaServer.Controllers.UsersController" filename="https://raw.githubusercontent.com/djuk1ca/UsluzionicaServer/e1c24aaa47c8f4178cb3e3b36a126aaaa6af7722/Controllers/UsersController.cs" line-rate="1" branch-rate="1" complexity="1">
          <methods>
            <method name=".ctor" signature="(UsluzionicaServer.Services.UserService)" line-rate="1" branch-rate="1" complexity="1">
              <lines>
                <line number="13" hits="4" branch="false" />
              </lines>
            </method>
          </methods>
          <lines>
            <line number="13" hits="4" branch="false" />
          </lines>
        </class>
        <class name="UsluzionicaServer.Domain.Entities.Referral" filename="https://raw.githubusercontent.com/djuk1ca/UsluzionicaServer/e1c24aaa47c8f4178cb3e3b36a126aaaa6af7722/Domain/Entities/Referral.cs" line-rate="0" branch-rate="1" complexity="1">
          <methods>
            <method name="get_TotalTokensAwarded" signature="()" line-rate="0" branch-rate="1" complexity="1">
              <lines>
                <line number="37" hits="0" branch="false" />
              </lines>
            </method>
          </methods>
          <lines>
            <line number="37" hits="0" branch="false" />
          </lines>
        </class>
        <class name="UsluzionicaServer.DTOs.Listings.PagedResult`1" filename="https://raw.githubusercontent.com/djuk1ca/UsluzionicaServer/e1c24aaa47c8f4178cb3e3b36a126aaaa6af7722/DTOs/Listings/ListingQueryParams.cs" line-rate="0.5" branch-rate="0" complexity="3">
          <methods>
            <method name="get_Pages" signature="()" line-rate="0" branch-rate="0" complexity="2">
              <lines>
                <line number="34" hits="0" branch="true" condition-coverage="0% (0/2)" />
              </lines>
            </method>
            <method name=".ctor" signature="()" line-rate="1" branch-rate="1" complexity="1">
              <lines>
                <line number="30" hits="21" branch="false" />
              </lines>
            </method>
          </methods>
          <lines>
            <line number="30" hits="21" branch="false" />
            <line number="34" hits="0" branch="true" condition-coverage="0% (0/2)" />
          </lines>
        </class>
        <class name="UsluzionicaServer.Hubs.ChatHub" filename="https://raw.githubusercontent.com/djuk1ca/UsluzionicaServer/e1c24aaa47c8f4178cb3e3b36a126aaaa6af7722/Hubs/ChatHub.cs" line-rate="0" branch-rate="0" complexity="7">
          <methods>
            <method name="UserId" signature="()" line-rate="0" branch-rate="0" complexity="4">
              <lines>
                <line number="222" hits="0" branch="true" condition-coverage="0% (0/4)" />
                <line number="223" hits="0" branch="false" />
              </lines>
            </method>
            <method name="UserGroup" signature="(System.String)" line-rate="0" branch-rate="1" complexity="1">
              <lines>
                <line number="225" hits="0" branch="false" />
              </lines>
            </method>
            <method name="ConvGroup" signature="(System.Int32)" line-rate="0" branch-rate="1" complexity="1">
              <lines>
                <line number="226" hits="0" branch="false" />
              </lines>
            </method>
            <method name=".ctor" signature="(UsluzionicaServer.Persistence.AppDbContext,UsluzionicaServer.Infrastructure.MessageEncryption,UsluzionicaServer.Infrastructure.OnlineTracker,UsluzionicaServer.Services.NotificationService,Microsoft.Extensions.Logging.ILogger`1&lt;UsluzionicaServer.Hubs.ChatHub&gt;)" line-rate="0" branch-rate="1" complexity="1">
              <lines>
                <line number="22" hits="0" branch="false" />
                <line number="23" hits="0" branch="false" />
                <line number="24" hits="0" branch="false" />
                <line number="25" hits="0" branch="false" />
                <line number="26" hits="0" branch="false" />
                <line number="27" hits="0" branch="false" />
              </lines>
            </method>
          </methods>
          <lines>
            <line number="22" hits="0" branch="false" />
            <line number="23" hits="0" branch="false" />
            <line number="24" hits="0" branch="false" />
            <line number="25" hits="0" branch="false" />
            <line number="26" hits="0" branch="false" />
            <line number="27" hits="0" branch="false" />
            <line number="222" hits="0" branch="true" condition-coverage="0% (0/4)" />
            <line number="223" hits="0" branch="false" />
            <line number="225" hits="0" branch="false" />
            <line number="226" hits="0" branch="false" />
          </lines>
        </class>
        <class name="UsluzionicaServer.Infrastructure.BoostExpiryService" filename="https://raw.githubusercontent.com/djuk1ca/UsluzionicaServer/e1c24aaa47c8f4178cb3e3b36a126aaaa6af7722/Infrastructure/BoostExpiryService.cs" line-rate="0" branch-rate="1" complexity="1">
          <methods>
            <method name=".ctor" signature="(Microsoft.Extensions.DependencyInjection.IServiceScopeFactory,UsluzionicaServer.Infrastructure.Redis.DistributedLock,Microsoft.Extensions.Logging.ILogger`1&lt;UsluzionicaServer.Infrastructure.BoostExpiryService&gt;)" line-rate="0" branch-rate="1" complexity="1">
              <lines>
                <line number="24" hits="0" branch="false" />
                <line number="25" hits="0" branch="false" />
                <line number="26" hits="0" branch="false" />
                <line number="27" hits="0" branch="false" />
              </lines>
            </method>
          </methods>
          <lines>
            <line number="24" hits="0" branch="false" />
            <line number="25" hits="0" branch="false" />
            <line number="26" hits="0" branch="false" />
            <line number="27" hits="0" branch="false" />
          </lines>
        </class>
        <class name="UsluzionicaServer.Infrastructure.Media.MediaUrlJsonModifier" filename="https://raw.githubusercontent.com/djuk1ca/UsluzionicaServer/e1c24aaa47c8f4178cb3e3b36a126aaaa6af7722/Infrastructure/Media/MediaUrlJsonModifier.cs" line-rate="1" branch-rate="1" complexity="1">
          <methods>
            <method name="Create" signature="(System.String)" line-rate="1" branch-rate="1" complexity="1">
              <lines>
                <line number="29" hits="2" branch="false" />
                <line number="30" hits="2" branch="false" />
                <line number="31" hits="2" branch="false" />
                <line number="32" hits="2" branch="false" />
                <line number="33" hits="2" branch="false" />
                <line number="34" hits="2" branch="false" />
                <line number="35" hits="2" branch="false" />
                <line number="36" hits="2" branch="false" />
                <line number="37" hits="2" branch="false" />
                <line number="38" hits="2" branch="false" />
                <line number="39" hits="2" branch="false" />
                <line number="40" hits="2" branch="false" />
                <line number="41" hits="2" branch="false" />
                <line number="42" hits="2" branch="false" />
                <line number="43" hits="2" branch="false" />
              </lines>
            </method>
          </methods>
          <lines>
            <line number="29" hits="2" branch="false" />
            <line number="30" hits="2" branch="false" />
            <line number="31" hits="2" branch="false" />
            <line number="32" hits="2" branch="false" />
            <line number="33" hits="2" branch="false" />
            <line number="34" hits="2" branch="false" />
            <line number="35" hits="2" branch="false" />
            <line number="36" hits="2" branch="false" />
            <line number="37" hits="2" branch="false" />
            <line number="38" hits="2" branch="false" />
            <line number="39" hits="2" branch="false" />
            <line number="40" hits="2" branch="false" />
            <line number="41" hits="2" branch="false" />
            <line number="42" hits="2" branch="false" />
            <line number="43" hits="2" branch="false" />
          </lines>
        </class>
        <class name="UsluzionicaServer.Infrastructure.Media.MediaUrls" filename="https://raw.githubusercontent.com/djuk1ca/UsluzionicaServer/e1c24aaa47c8f4178cb3e3b36a126aaaa6af7722/Infrastructure/Media/MediaUrls.cs" line-rate="1" branch-rate="0.7857142857142857" complexity="14">
          <methods>
            <method name="ToRelative" signature="(System.String)" line-rate="1" branch-rate="0.6666666666666666" complexity="6">
              <lines>
                <line number="29" hits="12" branch="true" condition-coverage="100% (2/2)" />
                <line number="31" hits="6" branch="false" />
                <line number="34" hits="6" branch="false" />
                <line number="36" hits="6" branch="true" condition-coverage="50% (1/2)" />
                <line number="37" hits="6" branch="true" condition-coverage="50% (1/2)" />
              </lines>
            </method>
            <method name="ToAbsolute" signature="(System.String,System.String)" line-rate="1" branch-rate="0.875" complexity="8">
              <lines>
                <line number="46" hits="11" branch="true" condition-coverage="100% (2/2)" />
                <line number="48" hits="3" branch="false" />
                <line number="51" hits="3" branch="true" condition-coverage="100% (4/4)" />
                <line number="52" hits="3" branch="false" />
                <line number="53" hits="1" branch="false" />
                <line number="55" hits="2" branch="true" condition-coverage="50% (1/2)" />
              </lines>
            </method>
          </methods>
          <lines>
            <line number="29" hits="12" branch="true" condition-coverage="100% (2/2)" />
            <line number="31" hits="6" branch="false" />
            <line number="34" hits="6" branch="false" />
            <line number="36" hits="6" branch="true" condition-coverage="50% (1/2)" />
            <line number="37" hits="6" branch="true" condition-coverage="50% (1/2)" />
            <line number="46" hits="11" branch="true" condition-coverage="100% (2/2)" />
            <line number="48" hits="3" branch="false" />
            <line number="51" hits="3" branch="true" condition-coverage="100% (4/4)" />
            <line number="52" hits="3" branch="false" />
            <line number="53" hits="1" branch="false" />
            <line number="55" hits="2" branch="true" condition-coverage="50% (1/2)" />
          </lines>
        </class>
        <class name="UsluzionicaServer.Infrastructure.MessageCleanupService" filename="https://raw.githubusercontent.com/djuk1ca/UsluzionicaServer/e1c24aaa47c8f4178cb3e3b36a126aaaa6af7722/Infrastructure/MessageCleanupService.cs" line-rate="0" branch-rate="1" complexity="1">
          <methods>
            <method name=".ctor" signature="(Microsoft.Extensions.DependencyInjection.IServiceScopeFactory,Microsoft.Extensions.Configuration.IConfiguration,UsluzionicaServer.Infrastructure.Redis.DistributedLock,Microsoft.Extensions.Logging.ILogger`1&lt;UsluzionicaServer.Infrastructure.MessageCleanupService&gt;)" line-rate="0" branch-rate="1" complexity="1">
              <lines>
                <line number="17" hits="0" branch="false" />
                <line number="18" hits="0" branch="false" />
                <line number="19" hits="0" branch="false" />
                <line number="20" hits="0" branch="false" />
                <line number="21" hits="0" branch="false" />
              </lines>
            </method>
          </methods>
          <lines>
            <line number="17" hits="0" branch="false" />
            <line number="18" hits="0" branch="false" />
            <line number="19" hits="0" branch="false" />
            <line number="20" hits="0" branch="false" />
            <line number="21" hits="0" branch="false" />
          </lines>
        </class>
        <class name="UsluzionicaServer.Infrastructure.MessageEncryption" filename="https://raw.githubusercontent.com/djuk1ca/UsluzionicaServer/e1c24aaa47c8f4178cb3e3b36a126aaaa6af7722/Infrastructure/MessageEncryption.cs" line-rate="1" branch-rate="0.75" complexity="7">
          <methods>
            <method name="Encrypt" signature="(System.String)" line-rate="1" branch-rate="1" complexity="1">
              <lines>
                <line number="45" hits="7" branch="false" />
                <line number="46" hits="7" branch="false" />
                <line number="47" hits="7" branch="false" />
                <line number="48" hits="7" branch="false" />
                <line number="50" hits="7" branch="false" />
                <line number="51" hits="7" branch="false" />
                <line number="52" hits="7" branch="false" />
                <line number="55" hits="7" branch="false" />
                <line number="56" hits="7" branch="false" />
                <line number="57" hits="7" branch="false" />
                <line number="59" hits="7" branch="false" />
                <line number="60" hits="7" branch="false" />
              </lines>
            </method>
            <method name="Decrypt" signature="(System.String)" line-rate="1" branch-rate="1" complexity="1">
              <lines>
                <line number="67" hits="8" branch="false" />
                <line number="70" hits="7" branch="false" />
                <line number="71" hits="7" branch="false" />
                <line number="72" hits="7" branch="false" />
                <line number="73" hits="7" branch="false" />
                <line number="75" hits="7" branch="false" />
                <line number="76" hits="7" branch="false" />
                <line number="77" hits="7" branch="false" />
                <line number="78" hits="7" branch="false" />
                <line number="80" hits="7" branch="false" />
                <line number="81" hits="7" branch="false" />
                <line number="82" hits="6" branch="false" />
                <line number="83" hits="6" branch="false" />
              </lines>
            </method>
            <method name="SafeDecrypt" signature="(System.String)" line-rate="1" branch-rate="1" complexity="1">
              <lines>
                <line number="91" hits="2" branch="false" />
                <line number="92" hits="4" branch="false" />
                <line number="93" hits="2" branch="false" />
              </lines>
            </method>
            <method name=".ctor" signature="(Microsoft.Extensions.Configuration.IConfiguration)" line-rate="1" branch-rate="0.75" complexity="4">
              <lines>
                <line number="22" hits="10" branch="true" condition-coverage="50% (1/2)" />
                <line number="23" hits="10" branch="false" />
                <line number="27" hits="10" branch="false" />
                <line number="28" hits="9" branch="false" />
                <line number="29" hits="1" branch="false" />
                <line number="31" hits="1" branch="false" />
                <line number="34" hits="9" branch="true" condition-coverage="100% (2/2)" />
                <line number="35" hits="1" branch="false" />
                <line number="36" hits="1" branch="false" />
                <line number="37" hits="8" branch="false" />
              </lines>
            </method>
          </methods>
          <lines>
            <line number="22" hits="10" branch="true" condition-coverage="50% (1/2)" />
            <line number="23" hits="10" branch="false" />
            <line number="27" hits="10" branch="false" />
            <line number="28" hits="9" branch="false" />
            <line number="29" hits="1" branch="false" />
            <line number="31" hits="1" branch="false" />
            <line number="34" hits="9" branch="true" condition-coverage="100% (2/2)" />
            <line number="35" hits="1" branch="false" />
            <line number="36" hits="1" branch="false" />
            <line number="37" hits="8" branch="false" />
            <line number="45" hits="7" branch="false" />
            <line number="46" hits="7" branch="false" />
            <line number="47" hits="7" branch="false" />
            <line number="48" hits="7" branch="false" />
            <line number="50" hits="7" branch="false" />
            <line number="51" hits="7" branch="false" />
            <line number="52" hits="7" branch="false" />
            <line number="55" hits="7" branch="false" />
            <line number="56" hits="7" branch="false" />
            <line number="57" hits="7" branch="false" />
            <line number="59" hits="7" branch="false" />
            <line number="60" hits="7" branch="false" />
            <line number="67" hits="8" branch="false" />
            <line number="70" hits="7" branch="false" />
            <line number="71" hits="7" branch="false" />
            <line number="72" hits="7" branch="false" />
            <line number="73" hits="7" branch="false" />
            <line number="75" hits="7" branch="false" />
            <line number="76" hits="7" branch="false" />
            <line number="77" hits="7" branch="false" />
            <line number="78" hits="7" branch="false" />
            <line number="80" hits="7" branch="false" />
            <line number="81" hits="7" branch="false" />
            <line number="82" hits="6" branch="false" />
            <line number="83" hits="6" branch="false" />
            <line number="91" hits="2" branch="false" />
            <line number="92" hits="4" branch="false" />
            <line number="93" hits="2" branch="false" />
          </lines>
        </class>
        <class name="UsluzionicaServer.Infrastructure.OnlineTracker" filename="https://raw.githubusercontent.com/djuk1ca/UsluzionicaServer/e1c24aaa47c8f4178cb3e3b36a126aaaa6af7722/Infrastructure/OnlineTracker.cs" line-rate="0" branch-rate="1" complexity="3">
          <methods>
            <method name="Key" signature="(System.String)" line-rate="0" branch-rate="1" complexity="1">
              <lines>
                <line number="44" hits="0" branch="false" />
              </lines>
            </method>
            <method name=".ctor" signature="(UsluzionicaServer.Infrastructure.Redis.RedisConnection,Microsoft.Extensions.Logging.ILogger`1&lt;UsluzionicaServer.Infrastructure.OnlineTracker&gt;)" line-rate="0" branch-rate="1" complexity="1">
              <lines>
                <line number="41" hits="0" branch="false" />
                <line number="42" hits="0" branch="false" />
              </lines>
            </method>
            <method name=".cctor" signature="()" line-rate="0" branch-rate="1" complexity="1">
              <lines>
                <line number="38" hits="0" branch="false" />
              </lines>
            </method>
          </methods>
          <lines>
            <line number="38" hits="0" branch="false" />
            <line number="41" hits="0" branch="false" />
            <line number="42" hits="0" branch="false" />
            <line number="44" hits="0" branch="false" />
          </lines>
        </class>
        <class name="UsluzionicaServer.Infrastructure.Redis.CacheInvalidator" filename="https://raw.githubusercontent.com/djuk1ca/UsluzionicaServer/e1c24aaa47c8f4178cb3e3b36a126aaaa6af7722/Infrastructure/Redis/CacheInvalidator.cs" line-rate="0.19230769230769232" branch-rate="0.5" complexity="3">
          <methods>
            <method name="Channel" signature="(System.String)" line-rate="0" branch-rate="1" complexity="1">
              <lines>
                <line number="36" hits="0" branch="false" />
              </lines>
            </method>
            <method name="Subscribe" signature="(System.String,System.Action)" line-rate="0.2" branch-rate="0.5" complexity="2">
              <lines>
                <line number="75" hits="1" branch="false" />
                <line number="77" hits="1" branch="true" condition-coverage="50% (1/2)" />
                <line number="79" hits="1" branch="false" />
                <line number="80" hits="1" branch="false" />
                <line number="81" hits="1" branch="false" />
                <line number="86" hits="0" branch="false" />
                <line number="87" hits="0" branch="false" />
                <line number="88" hits="0" branch="false" />
                <line number="89" hits="0" branch="false" />
                <line number="90" hits="0" branch="false" />
                <line number="91" hits="0" branch="false" />
                <line number="92" hits="0" branch="false" />
                <line number="93" hits="0" branch="false" />
                <line number="94" hits="0" branch="false" />
                <line number="95" hits="0" branch="false" />
                <line number="96" hits="0" branch="false" />
                <line number="97" hits="0" branch="false" />
                <line number="98" hits="0" branch="false" />
                <line number="99" hits="0" branch="false" />
                <line number="101" hits="0" branch="false" />
                <line number="102" hits="0" branch="false" />
                <line number="103" hits="0" branch="false" />
                <line number="105" hits="0" branch="false" />
                <line number="106" hits="0" branch="false" />
                <line number="107" hits="0" branch="false" />
              </lines>
            </method>
          </methods>
          <lines>
            <line number="36" hits="0" branch="false" />
            <line number="75" hits="1" branch="false" />
            <line number="77" hits="1" branch="true" condition-coverage="50% (1/2)" />
            <line number="79" hits="1" branch="false" />
            <line number="80" hits="1" branch="false" />
            <line number="81" hits="1" branch="false" />
            <line number="86" hits="0" branch="false" />
            <line number="87" hits="0" branch="false" />
            <line number="88" hits="0" branch="false" />
            <line number="89" hits="0" branch="false" />
            <line number="90" hits="0" branch="false" />
            <line number="91" hits="0" branch="false" />
            <line number="92" hits="0" branch="false" />
            <line number="93" hits="0" branch="false" />
            <line number="94" hits="0" branch="false" />
            <line number="95" hits="0" branch="false" />
            <line number="96" hits="0" branch="false" />
            <line number="97" hits="0" branch="false" />
            <line number="98" hits="0" branch="false" />
            <line number="99" hits="0" branch="false" />
            <line number="101" hits="0" branch="false" />
            <line number="102" hits="0" branch="false" />
            <line number="103" hits="0" branch="false" />
            <line number="105" hits="0" branch="false" />
            <line number="106" hits="0" branch="false" />
            <line number="107" hits="0" branch="false" />
          </lines>
        </class>
        <class name="UsluzionicaServer.Infrastructure.Redis.CacheService" filename="https://raw.githubusercontent.com/djuk1ca/UsluzionicaServer/e1c24aaa47c8f4178cb3e3b36a126aaaa6af7722/Infrastructure/Redis/CacheService.cs" line-rate="0" branch-rate="1" complexity="2">
          <methods>
            <method name=".cctor" signature="()" line-rate="0" branch-rate="1" complexity="1">
              <lines>
                <line number="35" hits="0" branch="false" />
                <line number="36" hits="0" branch="false" />
                <line number="37" hits="0" branch="false" />
                <line number="38" hits="0" branch="false" />
              </lines>
            </method>
            <method name="ProviderProfile" signature="(System.Int32)" line-rate="0" branch-rate="1" complexity="1">
              <lines>
                <line number="160" hits="0" branch="false" />
              </lines>
            </method>
          </methods>
          <lines>
            <line number="35" hits="0" branch="false" />
            <line number="36" hits="0" branch="false" />
            <line number="37" hits="0" branch="false" />
            <line number="38" hits="0" branch="false" />
            <line number="160" hits="0" branch="false" />
          </lines>
        </class>
        <class name="UsluzionicaServer.Infrastructure.Redis.DistributedLock" filename="https://raw.githubusercontent.com/djuk1ca/UsluzionicaServer/e1c24aaa47c8f4178cb3e3b36a126aaaa6af7722/Infrastructure/Redis/DistributedLock.cs" line-rate="0" branch-rate="1" complexity="1">
          <methods>
            <method name="DisposeAsync" signature="()" line-rate="0" branch-rate="1" complexity="1">
              <lines>
                <line number="123" hits="0" branch="false" />
              </lines>
            </method>
          </methods>
          <lines>
            <line number="123" hits="0" branch="false" />
          </lines>
        </class>
        <class name="UsluzionicaServer.Infrastructure.Redis.RedisConnection" filename="https://raw.githubusercontent.com/djuk1ca/UsluzionicaServer/e1c24aaa47c8f4178cb3e3b36a126aaaa6af7722/Infrastructure/Redis/RedisConnection.cs" line-rate="0.32142857142857145" branch-rate="0.375" complexity="10">
          <methods>
            <method name="get_IsAvailable" signature="()" line-rate="1" branch-rate="0.5" complexity="2">
              <lines>
                <line number="34" hits="1" branch="true" condition-coverage="50% (1/2)" />
              </lines>
            </method>
            <method name="get_IsConfigured" signature="()" line-rate="0" branch-rate="1" complexity="1">
              <lines>
                <line number="37" hits="0" branch="false" />
              </lines>
            </method>
            <method name="get_Multiplexer" signature="()" line-rate="0" branch-rate="1" complexity="1">
              <lines>
                <line number="40" hits="0" branch="false" />
              </lines>
            </method>
            <method name="GetDatabase" signature="()" line-rate="0" branch-rate="0" complexity="2">
              <lines>
                <line number="101" hits="0" branch="true" condition-coverage="0% (0/2)" />
              </lines>
            </method>
            <method name="GetSubscriber" signature="()" line-rate="1" branch-rate="0.5" complexity="2">
              <lines>
                <line number="104" hits="1" branch="true" condition-coverage="50% (1/2)" />
              </lines>
            </method>
            <method name=".ctor" signature="(Microsoft.Extensions.Configuration.IConfiguration,Microsoft.Extensions.Logging.ILogger`1&lt;UsluzionicaServer.Infrastructure.Redis.RedisConnection&gt;)" line-rate="0.30434782608695654" branch-rate="0.5" complexity="2">
              <lines>
                <line number="44" hits="1" branch="false" />
                <line number="46" hits="1" branch="false" />
                <line number="48" hits="1" branch="true" condition-coverage="50% (1/2)" />
                <line number="52" hits="1" branch="false" />
                <line number="53" hits="1" branch="false" />
                <line number="54" hits="1" branch="false" />
                <line number="55" hits="1" branch="false" />
                <line number="60" hits="0" branch="false" />
                <line number="63" hits="0" branch="false" />
                <line number="67" hits="0" branch="false" />
                <line number="68" hits="0" branch="false" />
                <line number="72" hits="0" branch="false" />
                <line number="74" hits="0" branch="false" />
                <line number="83" hits="0" branch="false" />
                <line number="84" hits="0" branch="false" />
                <line number="85" hits="0" branch="false" />
                <line number="86" hits="0" branch="false" />
                <line number="87" hits="0" branch="false" />
                <line number="91" hits="0" branch="false" />
                <line number="92" hits="0" branch="false" />
                <line number="93" hits="0" branch="false" />
                <line number="94" hits="0" branch="false" />
                <line number="95" hits="0" branch="false" />
              </lines>
            </method>
          </methods>
          <lines>
            <line number="34" hits="1" branch="true" condition-coverage="50% (1/2)" />
            <line number="37" hits="0" branch="false" />
            <line number="40" hits="0" branch="false" />
            <line number="44" hits="1" branch="false" />
            <line number="46" hits="1" branch="false" />
            <line number="48" hits="1" branch="true" condition-coverage="50% (1/2)" />
            <line number="52" hits="1" branch="false" />
            <line number="53" hits="1" branch="false" />
            <line number="54" hits="1" branch="false" />
            <line number="55" hits="1" branch="false" />
            <line number="60" hits="0" branch="false" />
            <line number="63" hits="0" branch="false" />
            <line number="67" hits="0" branch="false" />
            <line number="68" hits="0" branch="false" />
            <line number="72" hits="0" branch="false" />
            <line number="74" hits="0" branch="false" />
            <line number="83" hits="0" branch="false" />
            <line number="84" hits="0" branch="false" />
            <line number="85" hits="0" branch="false" />
            <line number="86" hits="0" branch="false" />
            <line number="87" hits="0" branch="false" />
            <line number="91" hits="0" branch="false" />
            <line number="92" hits="0" branch="false" />
            <line number="93" hits="0" branch="false" />
            <line number="94" hits="0" branch="false" />
            <line number="95" hits="0" branch="false" />
            <line number="101" hits="0" branch="true" condition-coverage="0% (0/2)" />
            <line number="104" hits="1" branch="true" condition-coverage="50% (1/2)" />
          </lines>
        </class>
        <class name="UsluzionicaServer.Infrastructure.Search.CategorySearchIndex" filename="https://raw.githubusercontent.com/djuk1ca/UsluzionicaServer/e1c24aaa47c8f4178cb3e3b36a126aaaa6af7722/Infrastructure/Search/CategorySearchIndex.cs" line-rate="0.8571428571428571" branch-rate="1" complexity="3">
          <methods>
            <method name="Invalidate" signature="()" line-rate="0" branch-rate="1" complexity="1">
              <lines>
                <line number="87" hits="0" branch="false" />
              </lines>
            </method>
            <method name=".ctor" signature="(Microsoft.Extensions.DependencyInjection.IServiceScopeFactory,UsluzionicaServer.Infrastructure.Redis.CacheInvalidator)" line-rate="1" branch-rate="1" complexity="1">
              <lines>
                <line number="34" hits="1" branch="false" />
                <line number="38" hits="1" branch="false" />
                <line number="39" hits="1" branch="false" />
                <line number="43" hits="1" branch="false" />
                <line number="45" hits="1" branch="false" />
                <line number="47" hits="1" branch="false" />
              </lines>
            </method>
            <method name=".cctor" signature="()" line-rate="1" branch-rate="1" complexity="1">
              <lines>
                <line number="43" hits="1" branch="false" />
              </lines>
            </method>
          </methods>
          <lines>
            <line number="34" hits="1" branch="false" />
            <line number="38" hits="1" branch="false" />
            <line number="39" hits="1" branch="false" />
            <line number="43" hits="1" branch="false" />
            <line number="45" hits="1" branch="false" />
            <line number="47" hits="1" branch="false" />
            <line number="87" hits="0" branch="false" />
          </lines>
        </class>
        <class name="UsluzionicaServer.Infrastructure.Search.Fuzzy" filename="https://raw.githubusercontent.com/djuk1ca/UsluzionicaServer/e1c24aaa47c8f4178cb3e3b36a126aaaa6af7722/Infrastructure/Search/Fuzzy.cs" line-rate="1" branch-rate="0.9074074074074074" complexity="54">
          <methods>
            <method name="MaxDistance" signature="(System.Int32)" line-rate="1" branch-rate="1" complexity="4">
              <lines>
                <line number="25" hits="202" branch="true" condition-coverage="100% (4/4)" />
                <line number="26" hits="202" branch="false" />
                <line number="27" hits="27" branch="false" />
                <line number="28" hits="97" branch="false" />
                <line number="29" hits="78" branch="false" />
                <line number="30" hits="202" branch="false" />
              </lines>
            </method>
            <method name="PigeonholeFragments" signature="(System.String,System.Int32)" line-rate="1" branch-rate="0.9" complexity="10">
              <lines>
                <line number="52" hits="35" branch="true" condition-coverage="50% (1/2)" />
                <line number="54" hits="35" branch="false" />
                <line number="55" hits="40" branch="true" condition-coverage="100% (2/2)" />
                <line number="57" hits="30" branch="false" />
                <line number="61" hits="30" branch="true" condition-coverage="100% (2/2)" />
                <line number="62" hits="8" branch="false" />
                <line number="64" hits="22" branch="false" />
                <line number="65" hits="156" branch="true" condition-coverage="100% (2/2)" />
                <line number="67" hits="56" branch="false" />
                <line number="68" hits="56" branch="true" condition-coverage="100% (2/2)" />
                <line number="69" hits="56" branch="false" />
                <line number="71" hits="22" branch="false" />
              </lines>
            </method>
            <method name="Osa" signature="(System.String,System.String,System.Int32)" line-rate="1" branch-rate="0.9285714285714286" complexity="28">
              <lines>
                <line number="87" hits="304" branch="false" />
                <line number="90" hits="152" branch="true" condition-coverage="50% (2/4)" />
                <line number="93" hits="250" branch="true" condition-coverage="100% (2/2)" />
                <line number="95" hits="55" branch="true" condition-coverage="100% (2/2)" />
                <line number="96" hits="54" branch="true" condition-coverage="100% (2/2)" />
                <line number="100" hits="52" branch="false" />
                <line number="101" hits="52" branch="false" />
                <line number="102" hits="52" branch="false" />
                <line number="104" hits="1310" branch="true" condition-coverage="100% (2/2)" />
                <line number="106" hits="380" branch="true" condition-coverage="100% (2/2)" />
                <line number="108" hits="181" branch="false" />
                <line number="109" hits="181" branch="false" />
                <line number="111" hits="2974" branch="true" condition-coverage="100% (2/2)" />
                <line number="113" hits="1306" branch="false" />
                <line number="115" hits="1306" branch="false" />
                <line number="116" hits="1306" branch="false" />
                <line number="117" hits="1306" branch="false" />
                <line number="118" hits="1306" branch="false" />
                <line number="121" hits="1306" branch="true" condition-coverage="100% (8/8)" />
                <line number="122" hits="13" branch="false" />
                <line number="124" hits="1306" branch="false" />
                <line number="125" hits="1588" branch="true" condition-coverage="100% (2/2)" />
                <line number="130" hits="224" branch="true" condition-coverage="100% (2/2)" />
                <line number="133" hits="552" branch="false" />
                <line number="136" hits="9" branch="false" />
              </lines>
            </method>
            <method name="Similarity" signature="(System.String,System.String)" line-rate="1" branch-rate="0.8333333333333334" complexity="12">
              <lines>
                <line number="144" hits="218" branch="true" condition-coverage="100% (2/2)" />
                <line number="145" hits="164" branch="true" condition-coverage="50% (2/4)" />
                <line number="150" hits="164" branch="true" condition-coverage="100% (2/2)" />
                <line number="151" hits="1" branch="false" />
                <line number="153" hits="163" branch="false" />
                <line number="154" hits="183" branch="true" condition-coverage="100% (2/2)" />
                <line number="156" hits="143" branch="false" />
                <line number="157" hits="282" branch="true" condition-coverage="100% (2/2)" />
                <line number="160" hits="4" branch="false" />
              </lines>
            </method>
          </methods>
          <lines>
            <line number="25" hits="202" branch="true" condition-coverage="100% (4/4)" />
            <line number="26" hits="202" branch="false" />
            <line number="27" hits="27" branch="false" />
            <line number="28" hits="97" branch="false" />
            <line number="29" hits="78" branch="false" />
            <line number="30" hits="202" branch="false" />
            <line number="52" hits="35" branch="true" condition-coverage="50% (1/2)" />
            <line number="54" hits="35" branch="false" />
            <line number="55" hits="40" branch="true" condition-coverage="100% (2/2)" />
            <line number="57" hits="30" branch="false" />
            <line number="61" hits="30" branch="true" condition-coverage="100% (2/2)" />
            <line number="62" hits="8" branch="false" />
            <line number="64" hits="22" branch="false" />
            <line number="65" hits="156" branch="true" condition-coverage="100% (2/2)" />
            <line number="67" hits="56" branch="false" />
            <line number="68" hits="56" branch="true" condition-coverage="100% (2/2)" />
            <line number="69" hits="56" branch="false" />
            <line number="71" hits="22" branch="false" />
            <line number="87" hits="304" branch="false" />
            <line number="90" hits="152" branch="true" condition-coverage="50% (2/4)" />
            <line number="93" hits="250" branch="true" condition-coverage="100% (2/2)" />
            <line number="95" hits="55" branch="true" condition-coverage="100% (2/2)" />
            <line number="96" hits="54" branch="true" condition-coverage="100% (2/2)" />
            <line number="100" hits="52" branch="false" />
            <line number="101" hits="52" branch="false" />
            <line number="102" hits="52" branch="false" />
            <line number="104" hits="1310" branch="true" condition-coverage="100% (2/2)" />
            <line number="106" hits="380" branch="true" condition-coverage="100% (2/2)" />
            <line number="108" hits="181" branch="false" />
            <line number="109" hits="181" branch="false" />
            <line number="111" hits="2974" branch="true" condition-coverage="100% (2/2)" />
            <line number="113" hits="1306" branch="false" />
            <line number="115" hits="1306" branch="false" />
            <line number="116" hits="1306" branch="false" />
            <line number="117" hits="1306" branch="false" />
            <line number="118" hits="1306" branch="false" />
            <line number="121" hits="1306" branch="true" condition-coverage="100% (8/8)" />
            <line number="122" hits="13" branch="false" />
            <line number="124" hits="1306" branch="false" />
            <line number="125" hits="1588" branch="true" condition-coverage="100% (2/2)" />
            <line number="130" hits="224" branch="true" condition-coverage="100% (2/2)" />
            <line number="133" hits="552" branch="false" />
            <line number="136" hits="9" branch="false" />
            <line number="144" hits="218" branch="true" condition-coverage="100% (2/2)" />
            <line number="145" hits="164" branch="true" condition-coverage="50% (2/4)" />
            <line number="150" hits="164" branch="true" condition-coverage="100% (2/2)" />
            <line number="151" hits="1" branch="false" />
            <line number="153" hits="163" branch="false" />
            <line number="154" hits="183" branch="true" condition-coverage="100% (2/2)" />
            <line number="156" hits="143" branch="false" />
            <line number="157" hits="282" branch="true" condition-coverage="100% (2/2)" />
            <line number="160" hits="4" branch="false" />
          </lines>
        </class>
        <class name="UsluzionicaServer.Infrastructure.Search.PredicateBuilder" filename="https://raw.githubusercontent.com/djuk1ca/UsluzionicaServer/e1c24aaa47c8f4178cb3e3b36a126aaaa6af7722/Infrastructure/Search/PredicateBuilder.cs" line-rate="1" branch-rate="0.8333333333333334" complexity="8">
          <methods>
            <method name="Or" signature="(System.Linq.Expressions.Expression`1&lt;System.Func`2&lt;T,System.Boolean&gt;&gt;,System.Linq.Expressions.Expression`1&lt;System.Func`2&lt;T,System.Boolean&gt;&gt;)" line-rate="1" branch-rate="1" complexity="1">
              <lines>
                <line number="28" hits="271" branch="false" />
                <line number="30" hits="271" branch="false" />
                <line number="31" hits="271" branch="false" />
                <line number="33" hits="271" branch="false" />
              </lines>
            </method>
            <method name="OrAll" signature="(System.Collections.Generic.IEnumerable`1&lt;System.Linq.Expressions.Expression`1&lt;System.Func`2&lt;T,System.Boolean&gt;&gt;&gt;)" line-rate="1" branch-rate="1" complexity="4">
              <lines>
                <line number="42" hits="89" branch="false" />
                <line number="44" hits="898" branch="true" condition-coverage="100% (2/2)" />
                <line number="45" hits="360" branch="true" condition-coverage="100% (2/2)" />
                <line number="47" hits="89" branch="false" />
              </lines>
            </method>
            <method name="VisitParameter" signature="(System.Linq.Expressions.ParameterExpression)" line-rate="1" branch-rate="0.5" complexity="2">
              <lines>
                <line number="54" hits="954" branch="true" condition-coverage="50% (1/2)" />
              </lines>
            </method>
            <method name=".ctor" signature="(System.Linq.Expressions.ParameterExpression,System.Linq.Expressions.ParameterExpression)" line-rate="1" branch-rate="1" complexity="1">
              <lines>
                <line number="50" hits="542" branch="false" />
              </lines>
            </method>
          </methods>
          <lines>
            <line number="28" hits="271" branch="false" />
            <line number="30" hits="271" branch="false" />
            <line number="31" hits="271" branch="false" />
            <line number="33" hits="271" branch="false" />
            <line number="42" hits="89" branch="false" />
            <line number="44" hits="898" branch="true" condition-coverage="100% (2/2)" />
            <line number="45" hits="360" branch="true" condition-coverage="100% (2/2)" />
            <line number="47" hits="89" branch="false" />
            <line number="50" hits="542" branch="false" />
            <line number="54" hits="954" branch="true" condition-coverage="50% (1/2)" />
          </lines>
        </class>
        <class name="UsluzionicaServer.Infrastructure.Search.SearchIndexer" filename="https://raw.githubusercontent.com/djuk1ca/UsluzionicaServer/e1c24aaa47c8f4178cb3e3b36a126aaaa6af7722/Infrastructure/Search/SearchIndexer.cs" line-rate="1" branch-rate="0.5" complexity="4">
          <methods>
            <method name="Apply" signature="(UsluzionicaServer.Domain.Entities.Listing)" line-rate="1" branch-rate="1" complexity="1">
              <lines>
                <line number="26" hits="98" branch="false" />
                <line number="27" hits="98" branch="false" />
                <line number="28" hits="98" branch="false" />
                <line number="29" hits="98" branch="false" />
                <line number="30" hits="98" branch="false" />
              </lines>
            </method>
            <method name="Apply" signature="(UsluzionicaServer.Domain.Entities.ApplicationUser)" line-rate="1" branch-rate="1" complexity="1">
              <lines>
                <line number="34" hits="522" branch="false" />
                <line number="35" hits="522" branch="false" />
                <line number="36" hits="522" branch="false" />
              </lines>
            </method>
            <method name="Truncate" signature="(System.String,System.Int32)" line-rate="1" branch-rate="0.5" complexity="2">
              <lines>
                <line number="44" hits="718" branch="true" condition-coverage="50% (1/2)" />
              </lines>
            </method>
          </methods>
          <lines>
            <line number="26" hits="98" branch="false" />
            <line number="27" hits="98" branch="false" />
            <line number="28" hits="98" branch="false" />
            <line number="29" hits="98" branch="false" />
            <line number="30" hits="98" branch="false" />
            <line number="34" hits="522" branch="false" />
            <line number="35" hits="522" branch="false" />
            <line number="36" hits="522" branch="false" />
            <line number="44" hits="718" branch="true" condition-coverage="50% (1/2)" />
          </lines>
        </class>
        <class name="UsluzionicaServer.Infrastructure.Search.SearchNormalizer" filename="https://raw.githubusercontent.com/djuk1ca/UsluzionicaServer/e1c24aaa47c8f4178cb3e3b36a126aaaa6af7722/Infrastructure/Search/SearchNormalizer.cs" line-rate="1" branch-rate="0.9705882352941176" complexity="37">
          <methods>
            <method name="Fold" signature="(System.String)" line-rate="1" branch-rate="1" complexity="18">
              <lines>
                <line number="80" hits="1067" branch="true" condition-coverage="100% (2/2)" />
                <line number="94" hits="1055" branch="false" />
                <line number="96" hits="1055" branch="false" />
                <line number="98" hits="32824" branch="true" condition-coverage="100% (2/2)" />
                <line number="107" hits="15357" branch="true" condition-coverage="100% (2/2)" />
                <line number="109" hits="161" branch="false" />
                <line number="110" hits="161" branch="false" />
                <line number="116" hits="15196" branch="true" condition-coverage="100% (2/2)" />
                <line number="123" hits="15053" branch="false" />
                <line number="129" hits="15053" branch="true" condition-coverage="100% (10/10)" />
                <line number="130" hits="13705" branch="false" />
                <line number="132" hits="1348" branch="false" />
                <line number="136" hits="1055" branch="false" />
              </lines>
            </method>
            <method name="Tokenize" signature="(System.String)" line-rate="1" branch-rate="1" complexity="1">
              <lines>
                <line number="141" hits="2" branch="false" />
              </lines>
            </method>
            <method name="DjVariants" signature="(System.String)" line-rate="1" branch-rate="0.8333333333333334" complexity="6">
              <lines>
                <line number="154" hits="30" branch="true" condition-coverage="50% (1/2)" />
                <line number="157" hits="30" branch="true" condition-coverage="100% (2/2)" />
                <line number="159" hits="1" branch="false" />
                <line number="160" hits="2" branch="true" condition-coverage="100% (2/2)" />
                <line number="163" hits="29" branch="false" />
              </lines>
            </method>
            <method name="EscapeLike" signature="(System.String)" line-rate="1" branch-rate="1" complexity="1">
              <lines>
                <line number="173" hits="137" branch="false" />
                <line number="174" hits="137" branch="false" />
                <line number="175" hits="137" branch="false" />
                <line number="176" hits="137" branch="false" />
              </lines>
            </method>
            <method name="CollapseWhitespace" signature="(System.Text.StringBuilder)" line-rate="1" branch-rate="1" complexity="10">
              <lines>
                <line number="180" hits="1055" branch="false" />
                <line number="181" hits="1055" branch="false" />
                <line number="183" hits="32636" branch="true" condition-coverage="100% (2/2)" />
                <line number="185" hits="15263" branch="false" />
                <line number="186" hits="15263" branch="true" condition-coverage="100% (2/2)" />
                <line number="188" hits="2535" branch="true" condition-coverage="100% (2/2)" />
                <line number="189" hits="1348" branch="false" />
                <line number="193" hits="13915" branch="false" />
                <line number="194" hits="13915" branch="false" />
                <line number="199" hits="1055" branch="true" condition-coverage="100% (4/4)" />
                <line number="200" hits="6" branch="false" />
                <line number="202" hits="1055" branch="false" />
              </lines>
            </method>
            <method name=".cctor" signature="()" line-rate="1" branch-rate="1" complexity="1">
              <lines>
                <line number="32" hits="2" branch="false" />
                <line number="33" hits="2" branch="false" />
                <line number="34" hits="2" branch="false" />
                <line number="35" hits="2" branch="false" />
                <line number="36" hits="2" branch="false" />
                <line number="37" hits="2" branch="false" />
                <line number="38" hits="2" branch="false" />
                <line number="39" hits="2" branch="false" />
                <line number="40" hits="2" branch="false" />
                <line number="41" hits="2" branch="false" />
                <line number="42" hits="2" branch="false" />
                <line number="43" hits="2" branch="false" />
                <line number="44" hits="2" branch="false" />
                <line number="45" hits="2" branch="false" />
                <line number="46" hits="2" branch="false" />
                <line number="47" hits="2" branch="false" />
                <line number="48" hits="2" branch="false" />
                <line number="49" hits="2" branch="false" />
                <line number="50" hits="2" branch="false" />
                <line number="51" hits="2" branch="false" />
                <line number="52" hits="2" branch="false" />
                <line number="53" hits="2" branch="false" />
                <line number="54" hits="2" branch="false" />
                <line number="55" hits="2" branch="false" />
                <line number="56" hits="2" branch="false" />
                <line number="57" hits="2" branch="false" />
                <line number="58" hits="2" branch="false" />
                <line number="59" hits="2" branch="false" />
                <line number="60" hits="2" branch="false" />
                <line number="61" hits="2" branch="false" />
                <line number="62" hits="2" branch="false" />
                <line number="63" hits="2" branch="false" />
                <line number="64" hits="2" branch="false" />
                <line number="65" hits="2" branch="false" />
                <line number="66" hits="2" branch="false" />
                <line number="67" hits="2" branch="false" />
                <line number="68" hits="2" branch="false" />
                <line number="69" hits="2" branch="false" />
                <line number="70" hits="2" branch="false" />
                <line number="71" hits="2" branch="false" />
                <line number="72" hits="2" branch="false" />
                <line number="73" hits="2" branch="false" />
              </lines>
            </method>
          </methods>
          <lines>
            <line number="32" hits="2" branch="false" />
            <line number="33" hits="2" branch="false" />
            <line number="34" hits="2" branch="false" />
            <line number="35" hits="2" branch="false" />
            <line number="36" hits="2" branch="false" />
            <line number="37" hits="2" branch="false" />
            <line number="38" hits="2" branch="false" />
            <line number="39" hits="2" branch="false" />
            <line number="40" hits="2" branch="false" />
            <line number="41" hits="2" branch="false" />
            <line number="42" hits="2" branch="false" />
            <line number="43" hits="2" branch="false" />
            <line number="44" hits="2" branch="false" />
            <line number="45" hits="2" branch="false" />
            <line number="46" hits="2" branch="false" />
            <line number="47" hits="2" branch="false" />
            <line number="48" hits="2" branch="false" />
            <line number="49" hits="2" branch="false" />
            <line number="50" hits="2" branch="false" />
            <line number="51" hits="2" branch="false" />
            <line number="52" hits="2" branch="false" />
            <line number="53" hits="2" branch="false" />
            <line number="54" hits="2" branch="false" />
            <line number="55" hits="2" branch="false" />
            <line number="56" hits="2" branch="false" />
            <line number="57" hits="2" branch="false" />
            <line number="58" hits="2" branch="false" />
            <line number="59" hits="2" branch="false" />
            <line number="60" hits="2" branch="false" />
            <line number="61" hits="2" branch="false" />
            <line number="62" hits="2" branch="false" />
            <line number="63" hits="2" branch="false" />
            <line number="64" hits="2" branch="false" />
            <line number="65" hits="2" branch="false" />
            <line number="66" hits="2" branch="false" />
            <line number="67" hits="2" branch="false" />
            <line number="68" hits="2" branch="false" />
            <line number="69" hits="2" branch="false" />
            <line number="70" hits="2" branch="false" />
            <line number="71" hits="2" branch="false" />
            <line number="72" hits="2" branch="false" />
            <line number="73" hits="2" branch="false" />
            <line number="80" hits="1067" branch="true" condition-coverage="100% (2/2)" />
            <line number="94" hits="1055" branch="false" />
            <line number="96" hits="1055" branch="false" />
            <line number="98" hits="32824" branch="true" condition-coverage="100% (2/2)" />
            <line number="107" hits="15357" branch="true" condition-coverage="100% (2/2)" />
            <line number="109" hits="161" branch="false" />
            <line number="110" hits="161" branch="false" />
            <line number="116" hits="15196" branch="true" condition-coverage="100% (2/2)" />
            <line number="123" hits="15053" branch="false" />
            <line number="129" hits="15053" branch="true" condition-coverage="100% (10/10)" />
            <line number="130" hits="13705" branch="false" />
            <line number="132" hits="1348" branch="false" />
            <line number="136" hits="1055" branch="false" />
            <line number="141" hits="2" branch="false" />
            <line number="154" hits="30" branch="true" condition-coverage="50% (1/2)" />
            <line number="157" hits="30" branch="true" condition-coverage="100% (2/2)" />
            <line number="159" hits="1" branch="false" />
            <line number="160" hits="2" branch="true" condition-coverage="100% (2/2)" />
            <line number="163" hits="29" branch="false" />
            <line number="173" hits="137" branch="false" />
            <line number="174" hits="137" branch="false" />
            <line number="175" hits="137" branch="false" />
            <line number="176" hits="137" branch="false" />
            <line number="180" hits="1055" branch="false" />
            <line number="181" hits="1055" branch="false" />
            <line number="183" hits="32636" branch="true" condition-coverage="100% (2/2)" />
            <line number="185" hits="15263" branch="false" />
            <line number="186" hits="15263" branch="true" condition-coverage="100% (2/2)" />
            <line number="188" hits="2535" branch="true" condition-coverage="100% (2/2)" />
            <line number="189" hits="1348" branch="false" />
            <line number="193" hits="13915" branch="false" />
            <line number="194" hits="13915" branch="false" />
            <line number="199" hits="1055" branch="true" condition-coverage="100% (4/4)" />
            <line number="200" hits="6" branch="false" />
            <line number="202" hits="1055" branch="false" />
          </lines>
        </class>
        <class name="UsluzionicaServer.Infrastructure.Search.SearchQuery" filename="https://raw.githubusercontent.com/djuk1ca/UsluzionicaServer/e1c24aaa47c8f4178cb3e3b36a126aaaa6af7722/Infrastructure/Search/SearchQuery.cs" line-rate="0.9166666666666666" branch-rate="0.75" complexity="7">
          <methods>
            <method name="get_IsEmpty" signature="()" line-rate="1" branch-rate="1" complexity="1">
              <lines>
                <line number="24" hits="39" branch="false" />
              </lines>
            </method>
            <method name="Parse" signature="(System.String)" line-rate="0.875" branch-rate="0.75" complexity="4">
              <lines>
                <line number="34" hits="21" branch="false" />
                <line number="35" hits="21" branch="true" condition-coverage="100% (2/2)" />
                <line number="36" hits="3" branch="false" />
                <line number="38" hits="18" branch="false" />
                <line number="39" hits="18" branch="false" />
                <line number="40" hits="18" branch="false" />
                <line number="41" hits="18" branch="false" />
                <line number="42" hits="18" branch="false" />
                <line number="43" hits="18" branch="false" />
                <line number="44" hits="18" branch="false" />
                <line number="45" hits="18" branch="false" />
                <line number="46" hits="18" branch="false" />
                <line number="50" hits="18" branch="true" condition-coverage="50% (1/2)" />
                <line number="52" hits="0" branch="false" />
                <line number="53" hits="0" branch="false" />
                <line number="56" hits="18" branch="false" />
              </lines>
            </method>
            <method name="BuildToken" signature="(System.String)" line-rate="1" branch-rate="1" complexity="1">
              <lines>
[...]
            <line number="118" hits="55" branch="false" />
            <line number="119" hits="55" branch="false" />
            <line number="120" hits="55" branch="false" />
            <line number="121" hits="55" branch="false" />
            <line number="122" hits="55" branch="false" />
            <line number="123" hits="55" branch="false" />
            <line number="124" hits="55" branch="false" />
            <line number="125" hits="55" branch="false" />
            <line number="126" hits="55" branch="false" />
          </lines>
        </class>
        <class name="UsluzionicaServer.Services.ProviderService" filename="https://raw.githubusercontent.com/djuk1ca/UsluzionicaServer/e1c24aaa47c8f4178cb3e3b36a126aaaa6af7722/Services/ProviderService.cs" line-rate="0" branch-rate="0" complexity="22">
          <methods>
            <method name="InvalidateProfileAsync" signature="(System.Int32)" line-rate="0" branch-rate="1" complexity="1">
              <lines>
                <line number="149" hits="0" branch="false" />
              </lines>
            </method>
            <method name="MapListingToDto" signature="(UsluzionicaServer.Domain.Entities.Listing)" line-rate="0" branch-rate="0" complexity="20">
              <lines>
                <line number="333" hits="0" branch="true" condition-coverage="0% (0/20)" />
                <line number="334" hits="0" branch="false" />
                <line number="335" hits="0" branch="false" />
                <line number="336" hits="0" branch="false" />
                <line number="337" hits="0" branch="false" />
                <line number="338" hits="0" branch="false" />
                <line number="339" hits="0" branch="false" />
                <line number="340" hits="0" branch="false" />
                <line number="341" hits="0" branch="false" />
                <line number="342" hits="0" branch="false" />
                <line number="343" hits="0" branch="false" />
                <line number="344" hits="0" branch="false" />
                <line number="345" hits="0" branch="false" />
                <line number="346" hits="0" branch="false" />
                <line number="347" hits="0" branch="false" />
                <line number="348" hits="0" branch="false" />
                <line number="349" hits="0" branch="false" />
                <line number="350" hits="0" branch="false" />
                <line number="351" hits="0" branch="false" />
                <line number="352" hits="0" branch="false" />
                <line number="353" hits="0" branch="false" />
                <line number="354" hits="0" branch="false" />
                <line number="355" hits="0" branch="false" />
                <line number="356" hits="0" branch="false" />
                <line number="357" hits="0" branch="false" />
                <line number="358" hits="0" branch="false" />
                <line number="359" hits="0" branch="false" />
                <line number="360" hits="0" branch="false" />
                <line number="361" hits="0" branch="false" />
                <line number="362" hits="0" branch="false" />
                <line number="363" hits="0" branch="false" />
                <line number="364" hits="0" branch="false" />
                <line number="365" hits="0" branch="false" />
                <line number="366" hits="0" branch="false" />
                <line number="367" hits="0" branch="false" />
                <line number="368" hits="0" branch="false" />
                <line number="369" hits="0" branch="false" />
                <line number="370" hits="0" branch="false" />
                <line number="371" hits="0" branch="false" />
              </lines>
            </method>
            <method name=".cctor" signature="()" line-rate="0" branch-rate="1" complexity="1">
              <lines>
                <line number="29" hits="0" branch="false" />
              </lines>
            </method>
          </methods>
          <lines>
            <line number="29" hits="0" branch="false" />
            <line number="149" hits="0" branch="false" />
            <line number="333" hits="0" branch="true" condition-coverage="0% (0/20)" />
            <line number="334" hits="0" branch="false" />
            <line number="335" hits="0" branch="false" />
            <line number="336" hits="0" branch="false" />
            <line number="337" hits="0" branch="false" />
            <line number="338" hits="0" branch="false" />
            <line number="339" hits="0" branch="false" />
            <line number="340" hits="0" branch="false" />
            <line number="341" hits="0" branch="false" />
            <line number="342" hits="0" branch="false" />
            <line number="343" hits="0" branch="false" />
            <line number="344" hits="0" branch="false" />
            <line number="345" hits="0" branch="false" />
            <line number="346" hits="0" branch="false" />
            <line number="347" hits="0" branch="false" />
            <line number="348" hits="0" branch="false" />
            <line number="349" hits="0" branch="false" />
            <line number="350" hits="0" branch="false" />
            <line number="351" hits="0" branch="false" />
            <line number="352" hits="0" branch="false" />
            <line number="353" hits="0" branch="false" />
            <line number="354" hits="0" branch="false" />
            <line number="355" hits="0" branch="false" />
            <line number="356" hits="0" branch="false" />
            <line number="357" hits="0" branch="false" />
            <line number="358" hits="0" branch="false" />
            <line number="359" hits="0" branch="false" />
            <line number="360" hits="0" branch="false" />
            <line number="361" hits="0" branch="false" />
            <line number="362" hits="0" branch="false" />
            <line number="363" hits="0" branch="false" />
            <line number="364" hits="0" branch="false" />
            <line number="365" hits="0" branch="false" />
            <line number="366" hits="0" branch="false" />
            <line number="367" hits="0" branch="false" />
            <line number="368" hits="0" branch="false" />
            <line number="369" hits="0" branch="false" />
            <line number="370" hits="0" branch="false" />
            <line number="371" hits="0" branch="false" />
          </lines>
        </class>
        <class name="UsluzionicaServer.Services.ReferralService" filename="https://raw.githubusercontent.com/djuk1ca/UsluzionicaServer/e1c24aaa47c8f4178cb3e3b36a126aaaa6af7722/Services/ReferralService.cs" line-rate="1" branch-rate="1" complexity="2">
          <methods>
            <method name="get_SignupRewardTokens" signature="()" line-rate="1" branch-rate="1" complexity="1">
              <lines>
                <line number="33" hits="7" branch="false" />
              </lines>
            </method>
            <method name="get_ActivationRewardTokens" signature="()" line-rate="1" branch-rate="1" complexity="1">
              <lines>
                <line number="36" hits="3" branch="false" />
              </lines>
            </method>
          </methods>
          <lines>
            <line number="33" hits="7" branch="false" />
            <line number="36" hits="3" branch="false" />
          </lines>
        </class>
        <class name="UsluzionicaServer.Services.ReviewService" filename="https://raw.githubusercontent.com/djuk1ca/UsluzionicaServer/e1c24aaa47c8f4178cb3e3b36a126aaaa6af7722/Services/ReviewService.cs" line-rate="0" branch-rate="1" complexity="1">
          <methods>
            <method name="MapToDto" signature="(UsluzionicaServer.Domain.Entities.Review,System.String,UsluzionicaServer.Domain.Entities.ApplicationUser)" line-rate="0" branch-rate="1" complexity="1">
              <lines>
                <line number="240" hits="0" branch="false" />
                <line number="241" hits="0" branch="false" />
                <line number="242" hits="0" branch="false" />
                <line number="243" hits="0" branch="false" />
                <line number="244" hits="0" branch="false" />
                <line number="245" hits="0" branch="false" />
                <line number="246" hits="0" branch="false" />
                <line number="247" hits="0" branch="false" />
                <line number="248" hits="0" branch="false" />
                <line number="249" hits="0" branch="false" />
                <line number="250" hits="0" branch="false" />
                <line number="251" hits="0" branch="false" />
                <line number="252" hits="0" branch="false" />
              </lines>
            </method>
          </methods>
          <lines>
            <line number="240" hits="0" branch="false" />
            <line number="241" hits="0" branch="false" />
            <line number="242" hits="0" branch="false" />
            <line number="243" hits="0" branch="false" />
            <line number="244" hits="0" branch="false" />
            <line number="245" hits="0" branch="false" />
            <line number="246" hits="0" branch="false" />
            <line number="247" hits="0" branch="false" />
            <line number="248" hits="0" branch="false" />
            <line number="249" hits="0" branch="false" />
            <line number="250" hits="0" branch="false" />
            <line number="251" hits="0" branch="false" />
            <line number="252" hits="0" branch="false" />
          </lines>
        </class>
        <class name="UsluzionicaServer.Services.TokenService" filename="https://raw.githubusercontent.com/djuk1ca/UsluzionicaServer/e1c24aaa47c8f4178cb3e3b36a126aaaa6af7722/Services/TokenService.cs" line-rate="1" branch-rate="1" complexity="5">
          <methods>
            <method name="GenerateAccessToken" signature="(UsluzionicaServer.Domain.Entities.ApplicationUser,System.Collections.Generic.IList`1&lt;System.String&gt;)" line-rate="1" branch-rate="1" complexity="2">
              <lines>
                <line number="18" hits="7" branch="false" />
                <line number="19" hits="7" branch="false" />
                <line number="20" hits="7" branch="false" />
                <line number="21" hits="7" branch="true" condition-coverage="100% (2/2)" />
                <line number="22" hits="7" branch="false" />
                <line number="25" hits="7" branch="false" />
                <line number="26" hits="7" branch="false" />
                <line number="27" hits="7" branch="false" />
                <line number="28" hits="7" branch="false" />
                <line number="29" hits="7" branch="false" />
                <line number="30" hits="7" branch="false" />
                <line number="31" hits="7" branch="false" />
                <line number="34" hits="7" branch="false" />
                <line number="36" hits="7" branch="false" />
                <line number="37" hits="7" branch="false" />
                <line number="38" hits="7" branch="false" />
                <line number="39" hits="7" branch="false" />
                <line number="40" hits="7" branch="false" />
                <line number="41" hits="7" branch="false" />
                <line number="42" hits="7" branch="false" />
                <line number="44" hits="7" branch="false" />
              </lines>
            </method>
            <method name="GenerateRefreshToken" signature="()" line-rate="1" branch-rate="1" complexity="1">
              <lines>
                <line number="52" hits="53" branch="false" />
                <line number="53" hits="53" branch="false" />
              </lines>
            </method>
            <method name="GenerateReferralCode" signature="()" line-rate="1" branch-rate="1" complexity="2">
              <lines>
                <line number="61" hits="344" branch="false" />
                <line number="62" hits="344" branch="false" />
                <line number="63" hits="6192" branch="true" condition-coverage="100% (2/2)" />
                <line number="64" hits="2752" branch="false" />
                <line number="65" hits="344" branch="false" />
              </lines>
            </method>
          </methods>
          <lines>
            <line number="18" hits="7" branch="false" />
            <line number="19" hits="7" branch="false" />
            <line number="20" hits="7" branch="false" />
            <line number="21" hits="7" branch="true" condition-coverage="100% (2/2)" />
            <line number="22" hits="7" branch="false" />
            <line number="25" hits="7" branch="false" />
            <line number="26" hits="7" branch="false" />
            <line number="27" hits="7" branch="false" />
            <line number="28" hits="7" branch="false" />
            <line number="29" hits="7" branch="false" />
            <line number="30" hits="7" branch="false" />
            <line number="31" hits="7" branch="false" />
            <line number="34" hits="7" branch="false" />
            <line number="36" hits="7" branch="false" />
            <line number="37" hits="7" branch="false" />
            <line number="38" hits="7" branch="false" />
            <line number="39" hits="7" branch="false" />
            <line number="40" hits="7" branch="false" />
            <line number="41" hits="7" branch="false" />
            <line number="42" hits="7" branch="false" />
            <line number="44" hits="7" branch="false" />
            <line number="52" hits="53" branch="false" />
            <line number="53" hits="53" branch="false" />
            <line number="61" hits="344" branch="false" />
            <line number="62" hits="344" branch="false" />
            <line number="63" hits="6192" branch="true" condition-coverage="100% (2/2)" />
            <line number="64" hits="2752" branch="false" />
            <line number="65" hits="344" branch="false" />
          </lines>
        </class>
        <class name="UsluzionicaServer.Services.TokenWalletService" filename="https://raw.githubusercontent.com/djuk1ca/UsluzionicaServer/e1c24aaa47c8f4178cb3e3b36a126aaaa6af7722/Services/TokenWalletService.cs" line-rate="1" branch-rate="0.5" complexity="12">
          <methods>
            <method name="MapOffer" signature="(UsluzionicaServer.Domain.Entities.DiscountTokenOffer)" line-rate="1" branch-rate="0.5" complexity="12">
              <lines>
                <line number="362" hits="8" branch="true" condition-coverage="50% (6/12)" />
                <line number="363" hits="8" branch="false" />
                <line number="364" hits="8" branch="false" />
                <line number="365" hits="8" branch="false" />
                <line number="366" hits="8" branch="false" />
                <line number="367" hits="8" branch="false" />
                <line number="368" hits="8" branch="false" />
                <line number="369" hits="8" branch="false" />
                <line number="370" hits="8" branch="false" />
                <line number="371" hits="8" branch="false" />
                <line number="372" hits="8" branch="false" />
                <line number="373" hits="8" branch="false" />
                <line number="374" hits="8" branch="false" />
                <line number="375" hits="8" branch="false" />
              </lines>
            </method>
          </methods>
          <lines>
            <line number="362" hits="8" branch="true" condition-coverage="50% (6/12)" />
            <line number="363" hits="8" branch="false" />
            <line number="364" hits="8" branch="false" />
            <line number="365" hits="8" branch="false" />
            <line number="366" hits="8" branch="false" />
            <line number="367" hits="8" branch="false" />
            <line number="368" hits="8" branch="false" />
            <line number="369" hits="8" branch="false" />
            <line number="370" hits="8" branch="false" />
            <line number="371" hits="8" branch="false" />
            <line number="372" hits="8" branch="false" />
            <line number="373" hits="8" branch="false" />
            <line number="374" hits="8" branch="false" />
            <line number="375" hits="8" branch="false" />
          </lines>
        </class>
        <class name="UsluzionicaServer.Services.UserService" filename="https://raw.githubusercontent.com/djuk1ca/UsluzionicaServer/e1c24aaa47c8f4178cb3e3b36a126aaaa6af7722/Services/UserService.cs" line-rate="0.5909090909090909" branch-rate="0.16666666666666666" complexity="7">
          <methods>
            <method name="TryDeleteAvatarFile" signature="(System.String)" line-rate="0.1" branch-rate="0.16666666666666666" complexity="6">
              <lines>
                <line number="155" hits="2" branch="true" condition-coverage="50% (1/2)" />
                <line number="159" hits="0" branch="false" />
                <line number="160" hits="0" branch="true" condition-coverage="0% (0/2)" />
                <line number="162" hits="0" branch="false" />
                <line number="163" hits="0" branch="true" condition-coverage="0% (0/2)" />
                <line number="164" hits="0" branch="false" />
                <line number="165" hits="0" branch="false" />
                <line number="168" hits="0" branch="false" />
                <line number="169" hits="0" branch="false" />
                <line number="170" hits="0" branch="false" />
              </lines>
            </method>
            <method name="MapToDto" signature="(UsluzionicaServer.Domain.Entities.ApplicationUser)" line-rate="1" branch-rate="1" complexity="1">
              <lines>
                <line number="174" hits="3" branch="false" />
                <line number="175" hits="3" branch="false" />
                <line number="176" hits="3" branch="false" />
                <line number="177" hits="3" branch="false" />
                <line number="178" hits="3" branch="false" />
                <line number="179" hits="3" branch="false" />
                <line number="180" hits="3" branch="false" />
                <line number="181" hits="3" branch="false" />
                <line number="182" hits="3" branch="false" />
                <line number="183" hits="3" branch="false" />
                <line number="184" hits="3" branch="false" />
                <line number="185" hits="3" branch="false" />
              </lines>
            </method>
          </methods>
          <lines>
            <line number="155" hits="2" branch="true" condition-coverage="50% (1/2)" />
            <line number="159" hits="0" branch="false" />
            <line number="160" hits="0" branch="true" condition-coverage="0% (0/2)" />
            <line number="162" hits="0" branch="false" />
            <line number="163" hits="0" branch="true" condition-coverage="0% (0/2)" />
            <line number="164" hits="0" branch="false" />
            <line number="165" hits="0" branch="false" />
            <line number="168" hits="0" branch="false" />
            <line number="169" hits="0" branch="false" />
            <line number="170" hits="0" branch="false" />
            <line number="174" hits="3" branch="false" />
            <line number="175" hits="3" branch="false" />
            <line number="176" hits="3" branch="false" />
            <line number="177" hits="3" branch="false" />
            <line number="178" hits="3" branch="false" />
            <line number="179" hits="3" branch="false" />
            <line number="180" hits="3" branch="false" />
            <line number="181" hits="3" branch="false" />
            <line number="182" hits="3" branch="false" />
            <line number="183" hits="3" branch="false" />
            <line number="184" hits="3" branch="false" />
            <line number="185" hits="3" branch="false" />
          </lines>
        </class>
      </classes>
    </package>
  </packages>
</coverage>